{
  "0 debug pnpm:scope": {
    "selected": 1
  },
  "1 debug pnpm:package-manifest": {
    "initial": {
      "name": "sveltekit-app",
      "version": "0.0.1",
      "private": true,
      "scripts": {
        "dev": "vite dev",
        "build": "vite build",
        "preview": "vite preview",
        "check": "svelte-kit sync && svelte-check --tsconfig ./tsconfig.json",
        "check:watch": "svelte-kit sync && svelte-check --tsconfig ./tsconfig.json --watch",
        "lint": "prettier --plugin-search-dir . --check . && eslint .",
        "format": "prettier --plugin-search-dir . --write ."
      },
      "devDependencies": {
        "@sveltejs/adapter-auto": "^1.0.0",
        "@sveltejs/kit": "^1.0.0",
        "@typescript-eslint/eslint-plugin": "^5.45.0",
        "@typescript-eslint/parser": "^5.45.0",
        "eslint": "^8.28.0",
        "eslint-config-prettier": "^8.5.0",
        "eslint-plugin-svelte3": "^4.0.0",
        "prettier": "^2.8.0",
        "prettier-plugin-svelte": "^2.8.1",
        "svelte": "^3.54.0",
        "svelte-check": "^2.9.2",
        "tslib": "^2.4.1",
        "typescript": "^4.9.3",
        "vite": "^4.0.0"
      },
      "type": "module"
    },
    "prefix": "/Users/gonza/Develop/PROJECTS/sveltekit-app"
  },
  "2 debug pnpm:context": {
    "currentLockfileExists": false,
    "storeDir": "/Users/gonza/Library/pnpm/store/v3",
    "virtualStoreDir": "/Users/gonza/Develop/PROJECTS/sveltekit-app/node_modules/.pnpm"
  },
  "3 debug pnpm:stage": {
    "prefix": "/Users/gonza/Develop/PROJECTS/sveltekit-app",
    "stage": "resolution_started"
  },
  "4 debug pnpm:_dependency_resolved": {
    "resolution": "registry.npmjs.org/tslib/2.4.1",
    "wanted": {
      "dependentId": ".",
      "name": "tslib",
      "rawSpec": "^2.4.1"
    }
  },
  "5 debug pnpm:progress": {
    "packageId": "registry.npmjs.org/tslib/2.4.1",
    "requester": "/Users/gonza/Develop/PROJECTS/sveltekit-app",
    "status": "resolved"
  },
  "6 debug pnpm:_dependency_resolved": {
    "resolution": "registry.npmjs.org/eslint-config-prettier/8.5.0",
    "wanted": {
      "dependentId": ".",
      "name": "eslint-config-prettier",
      "rawSpec": "^8.5.0"
    }
  },
  "7 debug pnpm:progress": {
    "packageId": "registry.npmjs.org/eslint-config-prettier/8.5.0",
    "requester": "/Users/gonza/Develop/PROJECTS/sveltekit-app",
    "status": "resolved"
  },
  "8 debug pnpm:_dependency_resolved": {
    "resolution": "registry.npmjs.org/prettier/2.8.1",
    "wanted": {
      "dependentId": ".",
      "name": "prettier",
      "rawSpec": "^2.8.0"
    }
  },
  "9 debug pnpm:progress": {
    "packageId": "registry.npmjs.org/prettier/2.8.1",
    "requester": "/Users/gonza/Develop/PROJECTS/sveltekit-app",
    "status": "resolved"
  },
  "10 debug pnpm:progress": {
    "packageId": "registry.npmjs.org/tslib/2.4.1",
    "requester": "/Users/gonza/Develop/PROJECTS/sveltekit-app",
    "status": "found_in_store"
  },
  "11 debug pnpm:progress": {
    "packageId": "registry.npmjs.org/eslint-config-prettier/8.5.0",
    "requester": "/Users/gonza/Develop/PROJECTS/sveltekit-app",
    "status": "found_in_store"
  },
  "12 debug pnpm:progress": {
    "packageId": "registry.npmjs.org/prettier/2.8.1",
    "requester": "/Users/gonza/Develop/PROJECTS/sveltekit-app",
    "status": "found_in_store"
  },
  "13 debug pnpm:_dependency_resolved": {
    "resolution": "registry.npmjs.org/eslint/8.31.0",
    "wanted": {
      "dependentId": ".",
      "name": "eslint",
      "rawSpec": "^8.28.0"
    }
  },
  "14 debug pnpm:progress": {
    "packageId": "registry.npmjs.org/eslint/8.31.0",
    "requester": "/Users/gonza/Develop/PROJECTS/sveltekit-app",
    "status": "resolved"
  },
  "15 debug pnpm:fetching-progress": {
    "attempt": 1,
    "packageId": "registry.npmjs.org/eslint/8.31.0",
    "size": 529536,
    "status": "started"
  },
  "16 debug pnpm:_dependency_resolved": {
    "resolution": "registry.npmjs.org/@typescript-eslint/parser/5.47.1",
    "wanted": {
      "dependentId": ".",
      "name": "@typescript-eslint/parser",
      "rawSpec": "^5.45.0"
    }
  },
  "17 debug pnpm:progress": {
    "packageId": "registry.npmjs.org/@typescript-eslint/parser/5.47.1",
    "requester": "/Users/gonza/Develop/PROJECTS/sveltekit-app",
    "status": "resolved"
  },
  "18 debug pnpm:_dependency_resolved": {
    "resolution": "registry.npmjs.org/typescript/4.9.4",
    "wanted": {
      "dependentId": ".",
      "name": "typescript",
      "rawSpec": "^4.9.3"
    }
  },
  "19 debug pnpm:progress": {
    "packageId": "registry.npmjs.org/typescript/4.9.4",
    "requester": "/Users/gonza/Develop/PROJECTS/sveltekit-app",
    "status": "resolved"
  },
  "20 debug pnpm:fetching-progress": {
    "attempt": 1,
    "packageId": "registry.npmjs.org/@typescript-eslint/parser/5.47.1",
    "size": 5889,
    "status": "started"
  },
  "21 debug pnpm:_dependency_resolved": {
    "resolution": "registry.npmjs.org/prettier-plugin-svelte/2.9.0",
    "wanted": {
      "dependentId": ".",
      "name": "prettier-plugin-svelte",
      "rawSpec": "^2.8.1"
    }
  },
  "22 debug pnpm:progress": {
    "packageId": "registry.npmjs.org/prettier-plugin-svelte/2.9.0",
    "requester": "/Users/gonza/Develop/PROJECTS/sveltekit-app",
    "status": "resolved"
  },
  "23 debug pnpm:progress": {
    "packageId": "registry.npmjs.org/typescript/4.9.4",
    "requester": "/Users/gonza/Develop/PROJECTS/sveltekit-app",
    "status": "found_in_store"
  },
  "24 debug pnpm:progress": {
    "packageId": "registry.npmjs.org/@typescript-eslint/parser/5.47.1",
    "requester": "/Users/gonza/Develop/PROJECTS/sveltekit-app",
    "status": "fetched"
  },
  "25 debug pnpm:_dependency_resolved": {
    "resolution": "registry.npmjs.org/svelte-check/2.10.3",
    "wanted": {
      "dependentId": ".",
      "name": "svelte-check",
      "rawSpec": "^2.9.2"
    }
  },
  "26 debug pnpm:progress": {
    "packageId": "registry.npmjs.org/svelte-check/2.10.3",
    "requester": "/Users/gonza/Develop/PROJECTS/sveltekit-app",
    "status": "resolved"
  },
  "27 debug pnpm:fetching-progress": {
    "attempt": 1,
    "packageId": "registry.npmjs.org/prettier-plugin-svelte/2.9.0",
    "size": 52335,
    "status": "started"
  },
  "28 debug pnpm:_dependency_resolved": {
    "resolution": "registry.npmjs.org/eslint-plugin-svelte3/4.0.0",
    "wanted": {
      "dependentId": ".",
      "name": "eslint-plugin-svelte3",
      "rawSpec": "^4.0.0"
    }
  },
  "29 debug pnpm:progress": {
    "packageId": "registry.npmjs.org/eslint-plugin-svelte3/4.0.0",
    "requester": "/Users/gonza/Develop/PROJECTS/sveltekit-app",
    "status": "resolved"
  },
  "30 debug pnpm:fetching-progress": {
    "attempt": 1,
    "packageId": "registry.npmjs.org/svelte-check/2.10.3",
    "size": 707860,
    "status": "started"
  },
  "31 debug pnpm:fetching-progress": {
    "attempt": 1,
    "packageId": "registry.npmjs.org/eslint-plugin-svelte3/4.0.0",
    "size": 13112,
    "status": "started"
  },
  "32 debug pnpm:_dependency_resolved": {
    "resolution": "registry.npmjs.org/@typescript-eslint/eslint-plugin/5.47.1",
    "wanted": {
      "dependentId": ".",
      "name": "@typescript-eslint/eslint-plugin",
      "rawSpec": "^5.45.0"
    }
  },
  "33 debug pnpm:progress": {
    "packageId": "registry.npmjs.org/@typescript-eslint/eslint-plugin/5.47.1",
    "requester": "/Users/gonza/Develop/PROJECTS/sveltekit-app",
    "status": "resolved"
  },
  "34 debug pnpm:_dependency_resolved": {
    "resolution": "registry.npmjs.org/svelte/3.55.0",
    "wanted": {
      "dependentId": ".",
      "name": "svelte",
      "rawSpec": "^3.54.0"
    }
  },
  "35 debug pnpm:progress": {
    "packageId": "registry.npmjs.org/svelte/3.55.0",
    "requester": "/Users/gonza/Develop/PROJECTS/sveltekit-app",
    "status": "resolved"
  },
  "36 debug pnpm:progress": {
    "packageId": "registry.npmjs.org/eslint/8.31.0",
    "requester": "/Users/gonza/Develop/PROJECTS/sveltekit-app",
    "status": "fetched"
  },
  "37 debug pnpm:progress": {
    "packageId": "registry.npmjs.org/prettier-plugin-svelte/2.9.0",
    "requester": "/Users/gonza/Develop/PROJECTS/sveltekit-app",
    "status": "fetched"
  },
  "38 debug pnpm:progress": {
    "packageId": "registry.npmjs.org/eslint-plugin-svelte3/4.0.0",
    "requester": "/Users/gonza/Develop/PROJECTS/sveltekit-app",
    "status": "fetched"
  },
  "39 debug pnpm:fetching-progress": {
    "attempt": 1,
    "packageId": "registry.npmjs.org/svelte/3.55.0",
    "size": 1776077,
    "status": "started"
  },
  "40 debug pnpm:fetching-progress": {
    "attempt": 1,
    "packageId": "registry.npmjs.org/@typescript-eslint/eslint-plugin/5.47.1",
    "size": 409157,
    "status": "started"
  },
  "41 debug pnpm:update-check": {
    "currentVersion": "7.0.1",
    "latestVersion": "7.21.0"
  },
  "42 warn pnpm:install-check": {
    "message": "Unsupported engine for registry.npmjs.org/vite/4.0.3: wanted: {\"node\":\"^14.18.0 || >=16.0.0\"} (current: {\"node\":\"v14.17.0\",\"pnpm\":\"7.0.1\"})",
    "prefix": "/Users/gonza/Develop/PROJECTS/sveltekit-app"
  },
  "43 error pnpm": {
    "code": "ERR_PNPM_UNSUPPORTED_ENGINE",
    "packageId": "registry.npmjs.org/vite/4.0.3",
    "wanted": {
      "node": "^14.18.0 || >=16.0.0"
    },
    "current": {
      "node": "v14.17.0",
      "pnpm": "7.0.1"
    },
    "pkgsStack": [],
    "err": {
      "name": "pnpm",
      "message": "Unsupported engine for registry.npmjs.org/vite/4.0.3: wanted: {\"node\":\"^14.18.0 || >=16.0.0\"} (current: {\"node\":\"v14.17.0\",\"pnpm\":\"7.0.1\"})",
      "code": "ERR_PNPM_UNSUPPORTED_ENGINE",
      "stack": "pnpm: Unsupported engine for registry.npmjs.org/vite/4.0.3: wanted: {\"node\":\"^14.18.0 || >=16.0.0\"} (current: {\"node\":\"v14.17.0\",\"pnpm\":\"7.0.1\"})\n    at checkEngine (/snapshot/dist/pnpm.cjs)\n    at checkPackage (/snapshot/dist/pnpm.cjs)\n    at packageIsInstallable (/snapshot/dist/pnpm.cjs)\n    at resolveAndFetch (/snapshot/dist/pnpm.cjs)\n    at runMicrotasks (<anonymous>)\n    at processTicksAndRejections (internal/process/task_queues.js:95:5)\n    at async resolveDependency (/snapshot/dist/pnpm.cjs)\n    at async resolveDependenciesOfDependency (/snapshot/dist/pnpm.cjs)\n    at async Promise.all (index 13)\n    at async resolveDependencies (/snapshot/dist/pnpm.cjs)"
    }
  }
}